GAS LISTING C:\Users\liujin\AppData\Local\Temp/cceu1iib.s 			page 1


   1               		.file	"single_handler.c"
   2               	__SREG__ = 0x3f
   3               	__SP_H__ = 0x3e
   4               	__SP_L__ = 0x3d
   5               	__CCP__  = 0x34
   6               	__tmp_reg__ = 0
   7               	__zero_reg__ = 1
   8               		.section	.debug_abbrev,"",@progbits
   9               	.Ldebug_abbrev0:
  10               		.section	.debug_info,"",@progbits
  11               	.Ldebug_info0:
  12               		.section	.debug_line,"",@progbits
  13               	.Ldebug_line0:
  14               		.text
  15               	.Ltext0:
  16               	.global	Handler_Init
  17               		.type	Handler_Init, @function
  18               	Handler_Init:
  19               	.LFB2:
  20               	.LM1:
  21               	/* prologue: function */
  22               	/* frame size = 0 */
  23               	.LM2:
  24               	/* #APP */
  25               	 ;  44 "single_handler.c" 1
  26 0000 F894      		cli
  27               	 ;  0 "" 2
  28               	.LM3:
  29               	/* #NOAPP */
  30 0002 1092 0000 		sts mask,__zero_reg__
  31               	.LM4:
  32 0006 81E0      		ldi r24,lo8(1)
  33 0008 85BD      		out 69-32,r24
  34               	.LM5:
  35 000a EEE6      		ldi r30,lo8(110)
  36 000c F0E0      		ldi r31,hi8(110)
  37 000e 8081      		ld r24,Z
  38 0010 8160      		ori r24,lo8(1)
  39 0012 8083      		st Z,r24
  40               	.LM6:
  41               	/* #APP */
  42               	 ;  50 "single_handler.c" 1
  43 0014 7894      		sei
  44               	 ;  0 "" 2
  45               	/* epilogue start */
  46               	.LM7:
  47               	/* #NOAPP */
  48 0016 0895      		ret
  49               	.LFE2:
  50               		.size	Handler_Init, .-Handler_Init
  51               	.global	__vector_16
  52               		.type	__vector_16, @function
  53               	__vector_16:
  54               	.LFB3:
  55               	.LM8:
  56 0018 1F92      		push __zero_reg__
  57 001a 0F92      		push r0
GAS LISTING C:\Users\liujin\AppData\Local\Temp/cceu1iib.s 			page 2


  58 001c 0FB6      		in r0,__SREG__
  59 001e 0F92      		push r0
  60 0020 1124      		clr __zero_reg__
  61 0022 2F93      		push r18
  62 0024 3F93      		push r19
  63 0026 4F93      		push r20
  64 0028 5F93      		push r21
  65 002a 6F93      		push r22
  66 002c 7F93      		push r23
  67 002e 8F93      		push r24
  68 0030 9F93      		push r25
  69 0032 AF93      		push r26
  70 0034 BF93      		push r27
  71 0036 EF93      		push r30
  72 0038 FF93      		push r31
  73               	/* prologue: Signal */
  74               	/* frame size = 0 */
  75               	.LM9:
  76 003a 8091 6E00 		lds r24,110
  77 003e 8E7F      		andi r24,lo8(-2)
  78 0040 8093 6E00 		sts 110,r24
  79               	.LM10:
  80 0044 8091 0000 		lds r24,mask
  81 0048 8130      		cpi r24,lo8(1)
  82 004a 01F4      		brne .L4
  83               	.LM11:
  84 004c 8091 0000 		lds r24,count
  85 0050 9091 0000 		lds r25,(count)+1
  86 0054 A091 0000 		lds r26,(count)+2
  87 0058 B091 0000 		lds r27,(count)+3
  88 005c 0197      		sbiw r24,1
  89 005e A109      		sbc r26,__zero_reg__
  90 0060 B109      		sbc r27,__zero_reg__
  91 0062 8093 0000 		sts count,r24
  92 0066 9093 0000 		sts (count)+1,r25
  93 006a A093 0000 		sts (count)+2,r26
  94 006e B093 0000 		sts (count)+3,r27
  95               	.L4:
  96               	.LM12:
  97 0072 8091 0000 		lds r24,count
  98 0076 9091 0000 		lds r25,(count)+1
  99 007a A091 0000 		lds r26,(count)+2
 100 007e B091 0000 		lds r27,(count)+3
 101 0082 0097      		sbiw r24,0
 102 0084 A105      		cpc r26,__zero_reg__
 103 0086 B105      		cpc r27,__zero_reg__
 104 0088 01F4      		brne .L5
 105               	.LM13:
 106 008a 8091 0000 		lds r24,start_count
 107 008e 9091 0000 		lds r25,(start_count)+1
 108 0092 A091 0000 		lds r26,(start_count)+2
 109 0096 B091 0000 		lds r27,(start_count)+3
 110 009a 8093 0000 		sts count,r24
 111 009e 9093 0000 		sts (count)+1,r25
 112 00a2 A093 0000 		sts (count)+2,r26
 113 00a6 B093 0000 		sts (count)+3,r27
 114               	.LM14:
GAS LISTING C:\Users\liujin\AppData\Local\Temp/cceu1iib.s 			page 3


 115 00aa E091 0000 		lds r30,p_handler_func
 116 00ae F091 0000 		lds r31,(p_handler_func)+1
 117 00b2 0995      		icall
 118               	.L5:
 119               	.LM15:
 120 00b4 8091 6E00 		lds r24,110
 121 00b8 8160      		ori r24,lo8(1)
 122 00ba 8093 6E00 		sts 110,r24
 123               	/* epilogue start */
 124               	.LM16:
 125 00be FF91      		pop r31
 126 00c0 EF91      		pop r30
 127 00c2 BF91      		pop r27
 128 00c4 AF91      		pop r26
 129 00c6 9F91      		pop r25
 130 00c8 8F91      		pop r24
 131 00ca 7F91      		pop r23
 132 00cc 6F91      		pop r22
 133 00ce 5F91      		pop r21
 134 00d0 4F91      		pop r20
 135 00d2 3F91      		pop r19
 136 00d4 2F91      		pop r18
 137 00d6 0F90      		pop r0
 138 00d8 0FBE      		out __SREG__,r0
 139 00da 0F90      		pop r0
 140 00dc 1F90      		pop __zero_reg__
 141 00de 1895      		reti
 142               	.LFE3:
 143               		.size	__vector_16, .-__vector_16
 144               	.global	Reg_Handler
 145               		.type	Reg_Handler, @function
 146               	Reg_Handler:
 147               	.LFB4:
 148               	.LM17:
 149               	.LVL0:
 150               	/* prologue: function */
 151               	/* frame size = 0 */
 152               	.LM18:
 153 00e0 9093 0000 		sts (p_handler_func)+1,r25
 154 00e4 8093 0000 		sts p_handler_func,r24
 155               	.LM19:
 156 00e8 4093 0000 		sts start_count,r20
 157 00ec 5093 0000 		sts (start_count)+1,r21
 158 00f0 6093 0000 		sts (start_count)+2,r22
 159 00f4 7093 0000 		sts (start_count)+3,r23
 160               	.LM20:
 161 00f8 4093 0000 		sts count,r20
 162 00fc 5093 0000 		sts (count)+1,r21
 163 0100 6093 0000 		sts (count)+2,r22
 164 0104 7093 0000 		sts (count)+3,r23
 165               	.LM21:
 166 0108 2093 0000 		sts mask,r18
 167               	/* epilogue start */
 168               	.LM22:
 169 010c 0895      		ret
 170               	.LFE4:
 171               		.size	Reg_Handler, .-Reg_Handler
GAS LISTING C:\Users\liujin\AppData\Local\Temp/cceu1iib.s 			page 4


 172               		.comm count,4,1
 173               		.comm start_count,4,1
 174               		.comm p_handler_func,2,1
 175               		.comm mask,1,1
 176               		.section	.debug_frame,"",@progbits
 177               	.Lframe0:
 178 0000 0C00 0000 		.long	.LECIE0-.LSCIE0
 179               	.LSCIE0:
 180 0004 FFFF FFFF 		.long	0xffffffff
 181 0008 01        		.byte	0x1
 182 0009 00        		.string	""
 183 000a 01        		.uleb128 0x1
 184 000b 7F        		.sleb128 -1
 185 000c 24        		.byte	0x24
 186 000d 0C        		.byte	0xc
 187 000e 20        		.uleb128 0x20
 188 000f 00        		.uleb128 0x0
 189               		.p2align	2
 190               	.LECIE0:
 191               	.LSFDE0:
 192 0010 0C00 0000 		.long	.LEFDE0-.LASFDE0
 193               	.LASFDE0:
 194 0014 0000 0000 		.long	.Lframe0
 195 0018 0000 0000 		.long	.LFB2
 196 001c 1800 0000 		.long	.LFE2-.LFB2
 197               		.p2align	2
 198               	.LEFDE0:
 199               	.LSFDE2:
 200 0020 0C00 0000 		.long	.LEFDE2-.LASFDE2
 201               	.LASFDE2:
 202 0024 0000 0000 		.long	.Lframe0
 203 0028 0000 0000 		.long	.LFB3
 204 002c C800 0000 		.long	.LFE3-.LFB3
 205               		.p2align	2
 206               	.LEFDE2:
 207               	.LSFDE4:
 208 0030 0C00 0000 		.long	.LEFDE4-.LASFDE4
 209               	.LASFDE4:
 210 0034 0000 0000 		.long	.Lframe0
 211 0038 0000 0000 		.long	.LFB4
 212 003c 2E00 0000 		.long	.LFE4-.LFB4
 213               		.p2align	2
 214               	.LEFDE4:
 215               		.text
 216               	.Letext0:
 217               		.section	.debug_info
 218 0000 2901 0000 		.long	0x129
 219 0004 0200      		.word	0x2
 220 0006 0000 0000 		.long	.Ldebug_abbrev0
 221 000a 04        		.byte	0x4
 222 000b 01        		.uleb128 0x1
 223 000c 0000 0000 		.long	.LASF15
 224 0010 01        		.byte	0x1
 225 0011 0000 0000 		.long	.LASF16
 226 0015 0000 0000 		.long	.LASF17
 227 0019 0000 0000 		.long	.Ltext0
 228 001d 0000 0000 		.long	.Letext0
GAS LISTING C:\Users\liujin\AppData\Local\Temp/cceu1iib.s 			page 5


 229 0021 0000 0000 		.long	.Ldebug_line0
 230 0025 02        		.uleb128 0x2
 231 0026 01        		.byte	0x1
 232 0027 06        		.byte	0x6
 233 0028 0000 0000 		.long	.LASF0
 234 002c 02        		.uleb128 0x2
 235 002d 01        		.byte	0x1
 236 002e 08        		.byte	0x8
 237 002f 0000 0000 		.long	.LASF1
 238 0033 03        		.uleb128 0x3
 239 0034 02        		.byte	0x2
 240 0035 05        		.byte	0x5
 241 0036 696E 7400 		.string	"int"
 242 003a 02        		.uleb128 0x2
 243 003b 02        		.byte	0x2
 244 003c 07        		.byte	0x7
 245 003d 0000 0000 		.long	.LASF2
 246 0041 02        		.uleb128 0x2
 247 0042 04        		.byte	0x4
 248 0043 05        		.byte	0x5
 249 0044 0000 0000 		.long	.LASF3
 250 0048 02        		.uleb128 0x2
 251 0049 04        		.byte	0x4
 252 004a 07        		.byte	0x7
 253 004b 0000 0000 		.long	.LASF4
 254 004f 02        		.uleb128 0x2
 255 0050 08        		.byte	0x8
 256 0051 05        		.byte	0x5
 257 0052 0000 0000 		.long	.LASF5
 258 0056 02        		.uleb128 0x2
 259 0057 08        		.byte	0x8
 260 0058 07        		.byte	0x7
 261 0059 0000 0000 		.long	.LASF6
 262 005d 04        		.uleb128 0x4
 263 005e 01        		.byte	0x1
 264 005f 0000 0000 		.long	.LASF7
 265 0063 01        		.byte	0x1
 266 0064 2B        		.byte	0x2b
 267 0065 01        		.byte	0x1
 268 0066 0000 0000 		.long	.LFB2
 269 006a 0000 0000 		.long	.LFE2
 270 006e 02        		.byte	0x2
 271 006f 90        		.byte	0x90
 272 0070 20        		.uleb128 0x20
 273 0071 04        		.uleb128 0x4
 274 0072 01        		.byte	0x1
 275 0073 0000 0000 		.long	.LASF8
 276 0077 01        		.byte	0x1
 277 0078 42        		.byte	0x42
 278 0079 01        		.byte	0x1
 279 007a 0000 0000 		.long	.LFB3
 280 007e 0000 0000 		.long	.LFE3
 281 0082 02        		.byte	0x2
 282 0083 90        		.byte	0x90
 283 0084 20        		.uleb128 0x20
 284 0085 05        		.uleb128 0x5
 285 0086 01        		.byte	0x1
GAS LISTING C:\Users\liujin\AppData\Local\Temp/cceu1iib.s 			page 6


 286 0087 0000 0000 		.long	.LASF18
 287 008b 01        		.byte	0x1
 288 008c 61        		.byte	0x61
 289 008d 01        		.byte	0x1
 290 008e 0000 0000 		.long	.LFB4
 291 0092 0000 0000 		.long	.LFE4
 292 0096 02        		.byte	0x2
 293 0097 90        		.byte	0x90
 294 0098 20        		.uleb128 0x20
 295 0099 D500 0000 		.long	0xd5
 296 009d 06        		.uleb128 0x6
 297 009e 0000 0000 		.long	.LASF9
 298 00a2 01        		.byte	0x1
 299 00a3 60        		.byte	0x60
 300 00a4 D500 0000 		.long	0xd5
 301 00a8 06        		.byte	0x6
 302 00a9 68        		.byte	0x68
 303 00aa 93        		.byte	0x93
 304 00ab 01        		.uleb128 0x1
 305 00ac 69        		.byte	0x69
 306 00ad 93        		.byte	0x93
 307 00ae 01        		.uleb128 0x1
 308 00af 06        		.uleb128 0x6
 309 00b0 0000 0000 		.long	.LASF10
 310 00b4 01        		.byte	0x1
 311 00b5 60        		.byte	0x60
 312 00b6 4800 0000 		.long	0x48
 313 00ba 0C        		.byte	0xc
 314 00bb 64        		.byte	0x64
 315 00bc 93        		.byte	0x93
 316 00bd 01        		.uleb128 0x1
 317 00be 65        		.byte	0x65
 318 00bf 93        		.byte	0x93
 319 00c0 01        		.uleb128 0x1
 320 00c1 66        		.byte	0x66
 321 00c2 93        		.byte	0x93
 322 00c3 01        		.uleb128 0x1
 323 00c4 67        		.byte	0x67
 324 00c5 93        		.byte	0x93
 325 00c6 01        		.uleb128 0x1
 326 00c7 07        		.uleb128 0x7
 327 00c8 6D73 6B00 		.string	"msk"
 328 00cc 01        		.byte	0x1
 329 00cd 60        		.byte	0x60
 330 00ce 2C00 0000 		.long	0x2c
 331 00d2 01        		.byte	0x1
 332 00d3 62        		.byte	0x62
 333 00d4 00        		.byte	0x0
 334 00d5 08        		.uleb128 0x8
 335 00d6 02        		.byte	0x2
 336 00d7 09        		.uleb128 0x9
 337 00d8 0000 0000 		.long	.LASF11
 338 00dc 01        		.byte	0x1
 339 00dd 17        		.byte	0x17
 340 00de E900 0000 		.long	0xe9
 341 00e2 01        		.byte	0x1
 342 00e3 05        		.byte	0x5
GAS LISTING C:\Users\liujin\AppData\Local\Temp/cceu1iib.s 			page 7


 343 00e4 03        		.byte	0x3
 344 00e5 0000 0000 		.long	count
 345 00e9 0A        		.uleb128 0xa
 346 00ea 4800 0000 		.long	0x48
 347 00ee 09        		.uleb128 0x9
 348 00ef 0000 0000 		.long	.LASF12
 349 00f3 01        		.byte	0x1
 350 00f4 18        		.byte	0x18
 351 00f5 4800 0000 		.long	0x48
 352 00f9 01        		.byte	0x1
 353 00fa 05        		.byte	0x5
 354 00fb 03        		.byte	0x3
 355 00fc 0000 0000 		.long	start_count
 356 0100 0B        		.uleb128 0xb
 357 0101 01        		.byte	0x1
 358 0102 09        		.uleb128 0x9
 359 0103 0000 0000 		.long	.LASF13
 360 0107 01        		.byte	0x1
 361 0108 19        		.byte	0x19
 362 0109 1401 0000 		.long	0x114
 363 010d 01        		.byte	0x1
 364 010e 05        		.byte	0x5
 365 010f 03        		.byte	0x3
 366 0110 0000 0000 		.long	p_handler_func
 367 0114 0C        		.uleb128 0xc
 368 0115 02        		.byte	0x2
 369 0116 0001 0000 		.long	0x100
 370 011a 09        		.uleb128 0x9
 371 011b 0000 0000 		.long	.LASF14
 372 011f 01        		.byte	0x1
 373 0120 1A        		.byte	0x1a
 374 0121 2C00 0000 		.long	0x2c
 375 0125 01        		.byte	0x1
 376 0126 05        		.byte	0x5
 377 0127 03        		.byte	0x3
 378 0128 0000 0000 		.long	mask
 379 012c 00        		.byte	0x0
 380               		.section	.debug_abbrev
 381 0000 01        		.uleb128 0x1
 382 0001 11        		.uleb128 0x11
 383 0002 01        		.byte	0x1
 384 0003 25        		.uleb128 0x25
 385 0004 0E        		.uleb128 0xe
 386 0005 13        		.uleb128 0x13
 387 0006 0B        		.uleb128 0xb
 388 0007 03        		.uleb128 0x3
 389 0008 0E        		.uleb128 0xe
 390 0009 1B        		.uleb128 0x1b
 391 000a 0E        		.uleb128 0xe
 392 000b 11        		.uleb128 0x11
 393 000c 01        		.uleb128 0x1
 394 000d 12        		.uleb128 0x12
 395 000e 01        		.uleb128 0x1
 396 000f 10        		.uleb128 0x10
 397 0010 06        		.uleb128 0x6
 398 0011 00        		.byte	0x0
 399 0012 00        		.byte	0x0
GAS LISTING C:\Users\liujin\AppData\Local\Temp/cceu1iib.s 			page 8


 400 0013 02        		.uleb128 0x2
 401 0014 24        		.uleb128 0x24
 402 0015 00        		.byte	0x0
 403 0016 0B        		.uleb128 0xb
 404 0017 0B        		.uleb128 0xb
 405 0018 3E        		.uleb128 0x3e
 406 0019 0B        		.uleb128 0xb
 407 001a 03        		.uleb128 0x3
 408 001b 0E        		.uleb128 0xe
 409 001c 00        		.byte	0x0
 410 001d 00        		.byte	0x0
 411 001e 03        		.uleb128 0x3
 412 001f 24        		.uleb128 0x24
 413 0020 00        		.byte	0x0
 414 0021 0B        		.uleb128 0xb
 415 0022 0B        		.uleb128 0xb
 416 0023 3E        		.uleb128 0x3e
 417 0024 0B        		.uleb128 0xb
 418 0025 03        		.uleb128 0x3
 419 0026 08        		.uleb128 0x8
 420 0027 00        		.byte	0x0
 421 0028 00        		.byte	0x0
 422 0029 04        		.uleb128 0x4
 423 002a 2E        		.uleb128 0x2e
 424 002b 00        		.byte	0x0
 425 002c 3F        		.uleb128 0x3f
 426 002d 0C        		.uleb128 0xc
 427 002e 03        		.uleb128 0x3
 428 002f 0E        		.uleb128 0xe
 429 0030 3A        		.uleb128 0x3a
 430 0031 0B        		.uleb128 0xb
 431 0032 3B        		.uleb128 0x3b
 432 0033 0B        		.uleb128 0xb
 433 0034 27        		.uleb128 0x27
 434 0035 0C        		.uleb128 0xc
 435 0036 11        		.uleb128 0x11
 436 0037 01        		.uleb128 0x1
 437 0038 12        		.uleb128 0x12
 438 0039 01        		.uleb128 0x1
 439 003a 40        		.uleb128 0x40
 440 003b 0A        		.uleb128 0xa
 441 003c 00        		.byte	0x0
 442 003d 00        		.byte	0x0
 443 003e 05        		.uleb128 0x5
 444 003f 2E        		.uleb128 0x2e
 445 0040 01        		.byte	0x1
 446 0041 3F        		.uleb128 0x3f
 447 0042 0C        		.uleb128 0xc
 448 0043 03        		.uleb128 0x3
 449 0044 0E        		.uleb128 0xe
 450 0045 3A        		.uleb128 0x3a
 451 0046 0B        		.uleb128 0xb
 452 0047 3B        		.uleb128 0x3b
 453 0048 0B        		.uleb128 0xb
 454 0049 27        		.uleb128 0x27
 455 004a 0C        		.uleb128 0xc
 456 004b 11        		.uleb128 0x11
GAS LISTING C:\Users\liujin\AppData\Local\Temp/cceu1iib.s 			page 9


 457 004c 01        		.uleb128 0x1
 458 004d 12        		.uleb128 0x12
 459 004e 01        		.uleb128 0x1
 460 004f 40        		.uleb128 0x40
 461 0050 0A        		.uleb128 0xa
 462 0051 01        		.uleb128 0x1
 463 0052 13        		.uleb128 0x13
 464 0053 00        		.byte	0x0
 465 0054 00        		.byte	0x0
 466 0055 06        		.uleb128 0x6
 467 0056 05        		.uleb128 0x5
 468 0057 00        		.byte	0x0
 469 0058 03        		.uleb128 0x3
 470 0059 0E        		.uleb128 0xe
 471 005a 3A        		.uleb128 0x3a
 472 005b 0B        		.uleb128 0xb
 473 005c 3B        		.uleb128 0x3b
 474 005d 0B        		.uleb128 0xb
 475 005e 49        		.uleb128 0x49
 476 005f 13        		.uleb128 0x13
 477 0060 02        		.uleb128 0x2
 478 0061 0A        		.uleb128 0xa
 479 0062 00        		.byte	0x0
 480 0063 00        		.byte	0x0
 481 0064 07        		.uleb128 0x7
 482 0065 05        		.uleb128 0x5
 483 0066 00        		.byte	0x0
 484 0067 03        		.uleb128 0x3
 485 0068 08        		.uleb128 0x8
 486 0069 3A        		.uleb128 0x3a
 487 006a 0B        		.uleb128 0xb
 488 006b 3B        		.uleb128 0x3b
 489 006c 0B        		.uleb128 0xb
 490 006d 49        		.uleb128 0x49
 491 006e 13        		.uleb128 0x13
 492 006f 02        		.uleb128 0x2
 493 0070 0A        		.uleb128 0xa
 494 0071 00        		.byte	0x0
 495 0072 00        		.byte	0x0
 496 0073 08        		.uleb128 0x8
 497 0074 0F        		.uleb128 0xf
 498 0075 00        		.byte	0x0
 499 0076 0B        		.uleb128 0xb
 500 0077 0B        		.uleb128 0xb
 501 0078 00        		.byte	0x0
 502 0079 00        		.byte	0x0
 503 007a 09        		.uleb128 0x9
 504 007b 34        		.uleb128 0x34
 505 007c 00        		.byte	0x0
 506 007d 03        		.uleb128 0x3
 507 007e 0E        		.uleb128 0xe
 508 007f 3A        		.uleb128 0x3a
 509 0080 0B        		.uleb128 0xb
 510 0081 3B        		.uleb128 0x3b
 511 0082 0B        		.uleb128 0xb
 512 0083 49        		.uleb128 0x49
 513 0084 13        		.uleb128 0x13
GAS LISTING C:\Users\liujin\AppData\Local\Temp/cceu1iib.s 			page 10


 514 0085 3F        		.uleb128 0x3f
 515 0086 0C        		.uleb128 0xc
 516 0087 02        		.uleb128 0x2
 517 0088 0A        		.uleb128 0xa
 518 0089 00        		.byte	0x0
 519 008a 00        		.byte	0x0
 520 008b 0A        		.uleb128 0xa
 521 008c 35        		.uleb128 0x35
 522 008d 00        		.byte	0x0
 523 008e 49        		.uleb128 0x49
 524 008f 13        		.uleb128 0x13
 525 0090 00        		.byte	0x0
 526 0091 00        		.byte	0x0
 527 0092 0B        		.uleb128 0xb
 528 0093 15        		.uleb128 0x15
 529 0094 00        		.byte	0x0
 530 0095 27        		.uleb128 0x27
 531 0096 0C        		.uleb128 0xc
 532 0097 00        		.byte	0x0
 533 0098 00        		.byte	0x0
 534 0099 0C        		.uleb128 0xc
 535 009a 0F        		.uleb128 0xf
 536 009b 00        		.byte	0x0
 537 009c 0B        		.uleb128 0xb
 538 009d 0B        		.uleb128 0xb
 539 009e 49        		.uleb128 0x49
 540 009f 13        		.uleb128 0x13
 541 00a0 00        		.byte	0x0
 542 00a1 00        		.byte	0x0
 543 00a2 00        		.byte	0x0
 544               		.section	.debug_pubnames,"",@progbits
 545 0000 7500 0000 		.long	0x75
 546 0004 0200      		.word	0x2
 547 0006 0000 0000 		.long	.Ldebug_info0
 548 000a 2D01 0000 		.long	0x12d
 549 000e 5D00 0000 		.long	0x5d
 550 0012 4861 6E64 		.string	"Handler_Init"
 550      6C65 725F 
 550      496E 6974 
 550      00
 551 001f 7100 0000 		.long	0x71
 552 0023 5F5F 7665 		.string	"__vector_16"
 552      6374 6F72 
 552      5F31 3600 
 553 002f 8500 0000 		.long	0x85
 554 0033 5265 675F 		.string	"Reg_Handler"
 554      4861 6E64 
 554      6C65 7200 
 555 003f D700 0000 		.long	0xd7
 556 0043 636F 756E 		.string	"count"
 556      7400 
 557 0049 EE00 0000 		.long	0xee
 558 004d 7374 6172 		.string	"start_count"
 558      745F 636F 
 558      756E 7400 
 559 0059 0201 0000 		.long	0x102
 560 005d 705F 6861 		.string	"p_handler_func"
GAS LISTING C:\Users\liujin\AppData\Local\Temp/cceu1iib.s 			page 11


 560      6E64 6C65 
 560      725F 6675 
 560      6E63 00
 561 006c 1A01 0000 		.long	0x11a
 562 0070 6D61 736B 		.string	"mask"
 562      00
 563 0075 0000 0000 		.long	0x0
 564               		.section	.debug_aranges,"",@progbits
 565 0000 1C00 0000 		.long	0x1c
 566 0004 0200      		.word	0x2
 567 0006 0000 0000 		.long	.Ldebug_info0
 568 000a 04        		.byte	0x4
 569 000b 00        		.byte	0x0
 570 000c 0000      		.word	0x0
 571 000e 0000      		.word	0x0
 572 0010 0000 0000 		.long	.Ltext0
 573 0014 0E01 0000 		.long	.Letext0-.Ltext0
 574 0018 0000 0000 		.long	0x0
 575 001c 0000 0000 		.long	0x0
 576               		.section	.debug_line
 577 0000 E400 0000 		.long	.LELT0-.LSLT0
 578               	.LSLT0:
 579 0004 0200      		.word	0x2
 580 0006 2400 0000 		.long	.LELTP0-.LASLTP0
 581               	.LASLTP0:
 582 000a 01        		.byte	0x1
 583 000b 01        		.byte	0x1
 584 000c F6        		.byte	0xf6
 585 000d F5        		.byte	0xf5
 586 000e 0A        		.byte	0xa
 587 000f 00        		.byte	0x0
 588 0010 01        		.byte	0x1
 589 0011 01        		.byte	0x1
 590 0012 01        		.byte	0x1
 591 0013 01        		.byte	0x1
 592 0014 00        		.byte	0x0
 593 0015 00        		.byte	0x0
 594 0016 00        		.byte	0x0
 595 0017 01        		.byte	0x1
 596 0018 00        		.byte	0x0
 597 0019 7369 6E67 		.string	"single_handler.c"
 597      6C65 5F68 
 597      616E 646C 
 597      6572 2E63 
 597      00
 598 002a 00        		.uleb128 0x0
 599 002b 00        		.uleb128 0x0
 600 002c 00        		.uleb128 0x0
 601 002d 00        		.byte	0x0
 602               	.LELTP0:
 603 002e 00        		.byte	0x0
 604 002f 05        		.uleb128 0x5
 605 0030 02        		.byte	0x2
 606 0031 0000 0000 		.long	.LM1
 607 0035 3E        		.byte	0x3e
 608 0036 00        		.byte	0x0
 609 0037 05        		.uleb128 0x5
GAS LISTING C:\Users\liujin\AppData\Local\Temp/cceu1iib.s 			page 12


 610 0038 02        		.byte	0x2
 611 0039 0000 0000 		.long	.LM2
 612 003d 15        		.byte	0x15
 613 003e 00        		.byte	0x0
 614 003f 05        		.uleb128 0x5
 615 0040 02        		.byte	0x2
 616 0041 0000 0000 		.long	.LM3
 617 0045 16        		.byte	0x16
 618 0046 00        		.byte	0x0
 619 0047 05        		.uleb128 0x5
 620 0048 02        		.byte	0x2
 621 0049 0000 0000 		.long	.LM4
 622 004d 16        		.byte	0x16
 623 004e 00        		.byte	0x0
 624 004f 05        		.uleb128 0x5
 625 0050 02        		.byte	0x2
 626 0051 0000 0000 		.long	.LM5
 627 0055 15        		.byte	0x15
 628 0056 00        		.byte	0x0
 629 0057 05        		.uleb128 0x5
 630 0058 02        		.byte	0x2
 631 0059 0000 0000 		.long	.LM6
 632 005d 15        		.byte	0x15
 633 005e 00        		.byte	0x0
 634 005f 05        		.uleb128 0x5
 635 0060 02        		.byte	0x2
 636 0061 0000 0000 		.long	.LM7
 637 0065 15        		.byte	0x15
 638 0066 00        		.byte	0x0
 639 0067 05        		.uleb128 0x5
 640 0068 02        		.byte	0x2
 641 0069 0000 0000 		.long	.LM8
 642 006d 23        		.byte	0x23
 643 006e 00        		.byte	0x0
 644 006f 05        		.uleb128 0x5
 645 0070 02        		.byte	0x2
 646 0071 0000 0000 		.long	.LM9
 647 0075 15        		.byte	0x15
 648 0076 00        		.byte	0x0
 649 0077 05        		.uleb128 0x5
 650 0078 02        		.byte	0x2
 651 0079 0000 0000 		.long	.LM10
 652 007d 16        		.byte	0x16
 653 007e 00        		.byte	0x0
 654 007f 05        		.uleb128 0x5
 655 0080 02        		.byte	0x2
 656 0081 0000 0000 		.long	.LM11
 657 0085 15        		.byte	0x15
 658 0086 00        		.byte	0x0
 659 0087 05        		.uleb128 0x5
 660 0088 02        		.byte	0x2
 661 0089 0000 0000 		.long	.LM12
 662 008d 15        		.byte	0x15
 663 008e 00        		.byte	0x0
 664 008f 05        		.uleb128 0x5
 665 0090 02        		.byte	0x2
 666 0091 0000 0000 		.long	.LM13
GAS LISTING C:\Users\liujin\AppData\Local\Temp/cceu1iib.s 			page 13


 667 0095 16        		.byte	0x16
 668 0096 00        		.byte	0x0
 669 0097 05        		.uleb128 0x5
 670 0098 02        		.byte	0x2
 671 0099 0000 0000 		.long	.LM14
 672 009d 15        		.byte	0x15
 673 009e 00        		.byte	0x0
 674 009f 05        		.uleb128 0x5
 675 00a0 02        		.byte	0x2
 676 00a1 0000 0000 		.long	.LM15
 677 00a5 17        		.byte	0x17
 678 00a6 00        		.byte	0x0
 679 00a7 05        		.uleb128 0x5
 680 00a8 02        		.byte	0x2
 681 00a9 0000 0000 		.long	.LM16
 682 00ad 15        		.byte	0x15
 683 00ae 00        		.byte	0x0
 684 00af 05        		.uleb128 0x5
 685 00b0 02        		.byte	0x2
 686 00b1 0000 0000 		.long	.LM17
 687 00b5 27        		.byte	0x27
 688 00b6 00        		.byte	0x0
 689 00b7 05        		.uleb128 0x5
 690 00b8 02        		.byte	0x2
 691 00b9 0000 0000 		.long	.LM18
 692 00bd 16        		.byte	0x16
 693 00be 00        		.byte	0x0
 694 00bf 05        		.uleb128 0x5
 695 00c0 02        		.byte	0x2
 696 00c1 0000 0000 		.long	.LM19
 697 00c5 15        		.byte	0x15
 698 00c6 00        		.byte	0x0
 699 00c7 05        		.uleb128 0x5
 700 00c8 02        		.byte	0x2
 701 00c9 0000 0000 		.long	.LM20
 702 00cd 15        		.byte	0x15
 703 00ce 00        		.byte	0x0
 704 00cf 05        		.uleb128 0x5
 705 00d0 02        		.byte	0x2
 706 00d1 0000 0000 		.long	.LM21
 707 00d5 15        		.byte	0x15
 708 00d6 00        		.byte	0x0
 709 00d7 05        		.uleb128 0x5
 710 00d8 02        		.byte	0x2
 711 00d9 0000 0000 		.long	.LM22
 712 00dd 15        		.byte	0x15
 713 00de 00        		.byte	0x0
 714 00df 05        		.uleb128 0x5
 715 00e0 02        		.byte	0x2
 716 00e1 0000 0000 		.long	.Letext0
 717 00e5 00        		.byte	0x0
 718 00e6 01        		.uleb128 0x1
 719 00e7 01        		.byte	0x1
 720               	.LELT0:
 721 00e8 1600 0000 		.section	.debug_str,"MS",@progbits,1
 721      0200 1000 
 721      0000 0101 
GAS LISTING C:\Users\liujin\AppData\Local\Temp/cceu1iib.s 			page 14


 721      FB0E 0A00 
 721      0101 0101 
 722               	.LASF5:
 723 0000 6C6F 6E67 		.string	"long long int"
 723      206C 6F6E 
 723      6720 696E 
 723      7400 
 724               	.LASF9:
 725 000e 6670 7472 		.string	"fptr"
 725      00
 726               	.LASF11:
 727 0013 636F 756E 		.string	"count"
 727      7400 
 728               	.LASF10:
 729 0019 735F 636E 		.string	"s_cnt"
 729      7400 
 730               	.LASF8:
 731 001f 5F5F 7665 		.string	"__vector_16"
 731      6374 6F72 
 731      5F31 3600 
 732               	.LASF1:
 733 002b 756E 7369 		.string	"unsigned char"
 733      676E 6564 
 733      2063 6861 
 733      7200 
 734               	.LASF12:
 735 0039 7374 6172 		.string	"start_count"
 735      745F 636F 
 735      756E 7400 
 736               	.LASF16:
 737 0045 7369 6E67 		.string	"single_handler.c"
 737      6C65 5F68 
 737      616E 646C 
 737      6572 2E63 
 737      00
 738               	.LASF4:
 739 0056 6C6F 6E67 		.string	"long unsigned int"
 739      2075 6E73 
 739      6967 6E65 
 739      6420 696E 
 739      7400 
 740               	.LASF15:
 741 0068 474E 5520 		.string	"GNU C 4.3.3"
 741      4320 342E 
 741      332E 3300 
 742               	.LASF7:
 743 0074 4861 6E64 		.string	"Handler_Init"
 743      6C65 725F 
 743      496E 6974 
 743      00
 744               	.LASF2:
 745 0081 756E 7369 		.string	"unsigned int"
 745      676E 6564 
 745      2069 6E74 
 745      00
 746               	.LASF6:
 747 008e 6C6F 6E67 		.string	"long long unsigned int"
GAS LISTING C:\Users\liujin\AppData\Local\Temp/cceu1iib.s 			page 15


 747      206C 6F6E 
 747      6720 756E 
 747      7369 676E 
 747      6564 2069 
 748               	.LASF18:
 749 00a5 5265 675F 		.string	"Reg_Handler"
 749      4861 6E64 
 749      6C65 7200 
 750               	.LASF17:
 751 00b1 443A 5C4D 		.string	"D:\\Michael_Reiser\\Xmega_C_V13\\Panel_4Xemga_preload"
 751      6963 6861 
 751      656C 5F52 
 751      6569 7365 
 751      725C 586D 
 752               	.LASF14:
 753 00e4 6D61 736B 		.string	"mask"
 753      00
 754               	.LASF13:
 755 00e9 705F 6861 		.string	"p_handler_func"
 755      6E64 6C65 
 755      725F 6675 
 755      6E63 00
 756               	.LASF3:
 757 00f8 6C6F 6E67 		.string	"long int"
 757      2069 6E74 
 757      00
 758               	.LASF0:
 759 0101 7369 676E 		.string	"signed char"
 759      6564 2063 
 759      6861 7200 
 760               	.global __do_clear_bss
GAS LISTING C:\Users\liujin\AppData\Local\Temp/cceu1iib.s 			page 16


DEFINED SYMBOLS
                            *ABS*:00000000 single_handler.c
C:\Users\liujin\AppData\Local\Temp/cceu1iib.s:2      *ABS*:0000003f __SREG__
C:\Users\liujin\AppData\Local\Temp/cceu1iib.s:3      *ABS*:0000003e __SP_H__
C:\Users\liujin\AppData\Local\Temp/cceu1iib.s:4      *ABS*:0000003d __SP_L__
C:\Users\liujin\AppData\Local\Temp/cceu1iib.s:5      *ABS*:00000034 __CCP__
C:\Users\liujin\AppData\Local\Temp/cceu1iib.s:6      *ABS*:00000000 __tmp_reg__
C:\Users\liujin\AppData\Local\Temp/cceu1iib.s:7      *ABS*:00000001 __zero_reg__
C:\Users\liujin\AppData\Local\Temp/cceu1iib.s:18     .text:00000000 Handler_Init
                            *COM*:00000001 mask
C:\Users\liujin\AppData\Local\Temp/cceu1iib.s:53     .text:00000018 __vector_16
                            *COM*:00000004 count
                            *COM*:00000004 start_count
                            *COM*:00000002 p_handler_func
C:\Users\liujin\AppData\Local\Temp/cceu1iib.s:146    .text:000000e0 Reg_Handler

UNDEFINED SYMBOLS
__do_clear_bss
